<?xml version="1.0" encoding="UTF-8"?>
<testsuite xmlns:xsi="http://www.w3.org/2001/XMLSchema-instance" xsi:noNamespaceSchemaLocation="https://maven.apache.org/surefire/maven-surefire-plugin/xsd/surefire-test-report.xsd" version="3.0.2" name="config.Runner" time="8.075" tests="11" errors="0" skipped="0" failures="0">
  <properties>
[...]
</properties>
  <testcase name="[1:4] Creacion de un token de autenticación HP status 200 flujo correcto" classname="config.Runner" time="0.899">
    <system-out><![CDATA[00:51:35.621 [main] DEBUG com.intuit.karate - request:
1 > POST https://restful-booker.herokuapp.com/auth
1 > Content-Type: application/json; charset=UTF-8
1 > Content-Length: 45
1 > Host: restful-booker.herokuapp.com
1 > Connection: Keep-Alive
1 > User-Agent: Apache-HttpClient/4.5.14 (Java/21.0.11)
1 > Accept-Encoding: gzip,deflate
{"username":"admin","password":"password123"}

00:51:36.234 [main] DEBUG com.intuit.karate - response time in milliseconds: 608
1 < 200
1 < Content-Length: 27
1 < Content-Type: application/json; charset=utf-8
1 < Date: Fri, 19 Jun 2026 05:51:36 GMT
1 < Etag: W/"1b-48lkpE3MyFvCJ9FumRg0Xp+lhdE"
1 < Nel: {"report_to":"heroku-nel","response_headers":["Via"],"max_age":3600,"success_fraction":0.01,"failure_fraction":0.1}
1 < Report-To: {"group":"heroku-nel","endpoints":[{"url":"https://nel.heroku.com/reports?s=8ep2hpysnLKlh9O43SlGbQ6rJdxlZtr8drcVYBo8QuQ%3D\u0026sid=c46efe9b-d3d2-4a0c-8c76-bfafa16c5add\u0026ts=1781848296"}],"max_age":3600}
1 < Reporting-Endpoints: heroku-nel="https://nel.heroku.com/reports?s=8ep2hpysnLKlh9O43SlGbQ6rJdxlZtr8drcVYBo8QuQ%3D&sid=c46efe9b-d3d2-4a0c-8c76-bfafa16c5add&ts=1781848296"
1 < Server: Heroku
1 < Via: 1.1 heroku-router
1 < X-Powered-By: Express
{"token":"527bb7e16cf7a8e"}

00:51:36.268 [main] INFO  com.intuit.karate - [print] Response: {
  "token": "527bb7e16cf7a8e"
}
 
]]></system-out>
  </testcase>
  <testcase name="[2:15] Validacion de un token de autenticación HP status 200 con credenciales incorrectas" classname="config.Runner" time="0.34">
    <system-out><![CDATA[00:51:36.281 [main] DEBUG com.intuit.karate - request:
1 > POST https://restful-booker.herokuapp.com/auth
1 > Content-Type: application/json; charset=UTF-8
1 > Content-Length: 45
1 > Host: restful-booker.herokuapp.com
1 > Connection: Keep-Alive
1 > User-Agent: Apache-HttpClient/4.5.14 (Java/21.0.11)
1 > Accept-Encoding: gzip,deflate
{"username":"adm1n","password":"password321"}

00:51:36.610 [main] DEBUG com.intuit.karate - response time in milliseconds: 329
1 < 200
1 < Content-Length: 28
1 < Content-Type: application/json; charset=utf-8
1 < Date: Fri, 19 Jun 2026 05:51:37 GMT
1 < Etag: W/"1c-J3EiwfZwVQjKTKvpvazUfTni8fI"
1 < Nel: {"report_to":"heroku-nel","response_headers":["Via"],"max_age":3600,"success_fraction":0.01,"failure_fraction":0.1}
1 < Report-To: {"group":"heroku-nel","endpoints":[{"url":"https://nel.heroku.com/reports?s=a4uBBHulJivA%2FC%2BOzrX20kjBSfcAZsoG7RfTQn7vXeI%3D\u0026sid=c46efe9b-d3d2-4a0c-8c76-bfafa16c5add\u0026ts=1781848297"}],"max_age":3600}
1 < Reporting-Endpoints: heroku-nel="https://nel.heroku.com/reports?s=a4uBBHulJivA%2FC%2BOzrX20kjBSfcAZsoG7RfTQn7vXeI%3D&sid=c46efe9b-d3d2-4a0c-8c76-bfafa16c5add&ts=1781848297"
1 < Server: Heroku
1 < Via: 1.1 heroku-router
1 < X-Powered-By: Express
{"reason":"Bad credentials"}

00:51:36.613 [main] INFO  com.intuit.karate - [print] Response: {
  "reason": "Bad credentials"
}
 
]]></system-out>
  </testcase>
  <testcase name="[3:25] Validacion de un token de autenticación UNHP status 404 URL Incorrecto" classname="config.Runner" time="0.769">
    <system-out><![CDATA[00:51:36.621 [main] DEBUG com.intuit.karate - request:
1 > POST https://restful-booker.herokuapp.com/au
1 > Content-Type: application/json; charset=UTF-8
1 > Content-Length: 45
1 > Host: restful-booker.herokuapp.com
1 > Connection: Keep-Alive
1 > User-Agent: Apache-HttpClient/4.5.14 (Java/21.0.11)
1 > Accept-Encoding: gzip,deflate
{"username":"admin","password":"password123"}

00:51:36.920 [main] DEBUG com.intuit.karate - response time in milliseconds: 297
1 < 404
1 < Content-Length: 9
1 < Content-Type: text/plain; charset=utf-8
1 < Date: Fri, 19 Jun 2026 05:51:37 GMT
1 < Etag: W/"9-0gXL1ngzMqISxa6S1zx3F4wtLyg"
1 < Nel: {"report_to":"heroku-nel","response_headers":["Via"],"max_age":3600,"success_fraction":0.01,"failure_fraction":0.1}
1 < Report-To: {"group":"heroku-nel","endpoints":[{"url":"https://nel.heroku.com/reports?s=a4uBBHulJivA%2FC%2BOzrX20kjBSfcAZsoG7RfTQn7vXeI%3D\u0026sid=c46efe9b-d3d2-4a0c-8c76-bfafa16c5add\u0026ts=1781848297"}],"max_age":3600}
1 < Reporting-Endpoints: heroku-nel="https://nel.heroku.com/reports?s=a4uBBHulJivA%2FC%2BOzrX20kjBSfcAZsoG7RfTQn7vXeI%3D&sid=c46efe9b-d3d2-4a0c-8c76-bfafa16c5add&ts=1781848297"
1 < Server: Heroku
1 < Via: 1.1 heroku-router
1 < X-Powered-By: Express
Not Found

00:51:36.923 [main] INFO  com.intuit.karate - [print] Response: Not Found 
---------------------------------------------------------
feature: classpath:features/01 - Auth – CreateToken.feature
scenarios:  3 | passed:  3 | failed:  0 | time: 1.5039
---------------------------------------------------------

]]></system-out>
  </testcase>
  <testcase name="[1:4] Obtener informacion de una reserva HP status 200 flujo correcto" classname="config.Runner" time="0.33">
    <system-out><![CDATA[00:51:37.399 [main] DEBUG com.intuit.karate - request:
1 > GET https://restful-booker.herokuapp.com/booking/7
1 > Accept: application/json
1 > Host: restful-booker.herokuapp.com
1 > Connection: Keep-Alive
1 > User-Agent: Apache-HttpClient/4.5.14 (Java/21.0.11)
1 > Accept-Encoding: gzip,deflate


00:51:37.707 [main] DEBUG com.intuit.karate - response time in milliseconds: 308
1 < 200
1 < Content-Length: 170
1 < Content-Type: application/json; charset=utf-8
1 < Date: Fri, 19 Jun 2026 05:51:38 GMT
1 < Etag: W/"aa-4CRHQZqJ2eAlajr+vF6VzmxGFWA"
1 < Nel: {"report_to":"heroku-nel","response_headers":["Via"],"max_age":3600,"success_fraction":0.01,"failure_fraction":0.1}
1 < Report-To: {"group":"heroku-nel","endpoints":[{"url":"https://nel.heroku.com/reports?s=VrFfGVCKTEGDrzk9vE758A5hSw5%2BzgoXNVPFMpGEVu8%3D\u0026sid=c46efe9b-d3d2-4a0c-8c76-bfafa16c5add\u0026ts=1781848298"}],"max_age":3600}
1 < Reporting-Endpoints: heroku-nel="https://nel.heroku.com/reports?s=VrFfGVCKTEGDrzk9vE758A5hSw5%2BzgoXNVPFMpGEVu8%3D&sid=c46efe9b-d3d2-4a0c-8c76-bfafa16c5add&ts=1781848298"
1 < Server: Heroku
1 < Via: 1.1 heroku-router
1 < X-Powered-By: Express
{"firstname":"Mark","lastname":"Wilson","totalprice":206,"depositpaid":true,"bookingdates":{"checkin":"2017-08-08","checkout":"2022-05-03"},"additionalneeds":"Breakfast"}

00:51:37.714 [main] INFO  com.intuit.karate - [print] Response: {
  "firstname": "Mark",
  "lastname": "Wilson",
  "totalprice": 206,
  "depositpaid": true,
  "bookingdates": {
    "checkin": "2017-08-08",
    "checkout": "2022-05-03"
  },
  "additionalneeds": "Breakfast"
}
 
]]></system-out>
  </testcase>
  <testcase name="[2:21] Validacion de informacion de una reserva UNHP status 404 Url Incorrecta" classname="config.Runner" time="0.316">
    <system-out><![CDATA[00:51:37.724 [main] DEBUG com.intuit.karate - request:
1 > GET https://restful-booker.herokuapp.com/book/8
1 > Accept: application/json
1 > Host: restful-booker.herokuapp.com
1 > Connection: Keep-Alive
1 > User-Agent: Apache-HttpClient/4.5.14 (Java/21.0.11)
1 > Accept-Encoding: gzip,deflate


00:51:38.023 [main] DEBUG com.intuit.karate - response time in milliseconds: 298
1 < 404
1 < Content-Length: 9
1 < Content-Type: text/plain; charset=utf-8
1 < Date: Fri, 19 Jun 2026 05:51:38 GMT
1 < Etag: W/"9-0gXL1ngzMqISxa6S1zx3F4wtLyg"
1 < Nel: {"report_to":"heroku-nel","response_headers":["Via"],"max_age":3600,"success_fraction":0.01,"failure_fraction":0.1}
1 < Report-To: {"group":"heroku-nel","endpoints":[{"url":"https://nel.heroku.com/reports?s=VrFfGVCKTEGDrzk9vE758A5hSw5%2BzgoXNVPFMpGEVu8%3D\u0026sid=c46efe9b-d3d2-4a0c-8c76-bfafa16c5add\u0026ts=1781848298"}],"max_age":3600}
1 < Reporting-Endpoints: heroku-nel="https://nel.heroku.com/reports?s=VrFfGVCKTEGDrzk9vE758A5hSw5%2BzgoXNVPFMpGEVu8%3D&sid=c46efe9b-d3d2-4a0c-8c76-bfafa16c5add&ts=1781848298"
1 < Server: Heroku
1 < Via: 1.1 heroku-router
1 < X-Powered-By: Express
Not Found

00:51:38.030 [main] INFO  com.intuit.karate - [print] Response: Not Found 
]]></system-out>
  </testcase>
  <testcase name="[3:33] Validacion de informacion de una reserva UNHP status 418 - I&apos;m a Teapot" classname="config.Runner" time="0.429">
    <system-out><![CDATA[00:51:38.042 [main] DEBUG com.intuit.karate - request:
1 > GET https://restful-booker.herokuapp.com/booking/9
1 > Host: restful-booker.herokuapp.com
1 > Connection: Keep-Alive
1 > User-Agent: Apache-HttpClient/4.5.14 (Java/21.0.11)
1 > Accept-Encoding: gzip,deflate


00:51:38.348 [main] DEBUG com.intuit.karate - response time in milliseconds: 306
1 < 418
1 < Content-Length: 12
1 < Content-Type: text/plain; charset=utf-8
1 < Date: Fri, 19 Jun 2026 05:51:38 GMT
1 < Etag: W/"c-2UDTmC4hdG5PUA+z8oDkrgejuV8"
1 < Nel: {"report_to":"heroku-nel","response_headers":["Via"],"max_age":3600,"success_fraction":0.01,"failure_fraction":0.1}
1 < Report-To: {"group":"heroku-nel","endpoints":[{"url":"https://nel.heroku.com/reports?s=VrFfGVCKTEGDrzk9vE758A5hSw5%2BzgoXNVPFMpGEVu8%3D\u0026sid=c46efe9b-d3d2-4a0c-8c76-bfafa16c5add\u0026ts=1781848298"}],"max_age":3600}
1 < Reporting-Endpoints: heroku-nel="https://nel.heroku.com/reports?s=VrFfGVCKTEGDrzk9vE758A5hSw5%2BzgoXNVPFMpGEVu8%3D&sid=c46efe9b-d3d2-4a0c-8c76-bfafa16c5add&ts=1781848298"
1 < Server: Heroku
1 < Via: 1.1 heroku-router
1 < X-Powered-By: Express
I'm a Teapot

00:51:38.350 [main] INFO  com.intuit.karate - [print] Response: I'm a Teapot 
---------------------------------------------------------
feature: classpath:features/02 - Booking - GetBooking.feature
scenarios:  3 | passed:  3 | failed:  0 | time: 0.9457
---------------------------------------------------------

]]></system-out>
  </testcase>
  <testcase name="[1:4] Actualización de una reserva HP status 200 flujo correcto" classname="config.Runner" time="0.643">
    <system-out><![CDATA[00:51:38.472 [main] DEBUG com.intuit.karate - request:
1 > POST https://restful-booker.herokuapp.com/auth
1 > Content-Type: application/json; charset=UTF-8
1 > Content-Length: 45
1 > Host: restful-booker.herokuapp.com
1 > Connection: Keep-Alive
1 > User-Agent: Apache-HttpClient/4.5.14 (Java/21.0.11)
1 > Accept-Encoding: gzip,deflate
{"username":"admin","password":"password123"}

00:51:38.800 [main] DEBUG com.intuit.karate - response time in milliseconds: 328
1 < 200
1 < Content-Length: 27
1 < Content-Type: application/json; charset=utf-8
1 < Date: Fri, 19 Jun 2026 05:51:39 GMT
1 < Etag: W/"1b-r0HbQYX/emdBz21om7TT1l/ccCA"
1 < Nel: {"report_to":"heroku-nel","response_headers":["Via"],"max_age":3600,"success_fraction":0.01,"failure_fraction":0.1}
1 < Report-To: {"group":"heroku-nel","endpoints":[{"url":"https://nel.heroku.com/reports?s=cZz88EYnkEEWvPHtLY3vSWSwkFwJPgcV9%2F4R1zzs84U%3D\u0026sid=c46efe9b-d3d2-4a0c-8c76-bfafa16c5add\u0026ts=1781848299"}],"max_age":3600}
1 < Reporting-Endpoints: heroku-nel="https://nel.heroku.com/reports?s=cZz88EYnkEEWvPHtLY3vSWSwkFwJPgcV9%2F4R1zzs84U%3D&sid=c46efe9b-d3d2-4a0c-8c76-bfafa16c5add&ts=1781848299"
1 < Server: Heroku
1 < Via: 1.1 heroku-router
1 < X-Powered-By: Express
{"token":"82d573409a5d7f5"}

00:51:38.806 [main] DEBUG com.intuit.karate - request:
2 > PUT https://restful-booker.herokuapp.com/booking/3
2 > Content-Type: application/json; charset=UTF-8
2 > Accept: application/json
2 > Cookie: token=82d573409a5d7f5
2 > Content-Length: 167
2 > Host: restful-booker.herokuapp.com
2 > Connection: Keep-Alive
2 > User-Agent: Apache-HttpClient/4.5.14 (Java/21.0.11)
2 > Accept-Encoding: gzip,deflate
{"firstname":"John","lastname":"Doe","totalprice":402,"depositpaid":true,"bookingdates":{"checkin":"2026-01-01","checkout":"2026-01-04"},"additionalneeds":"Breakfast"}

00:51:39.104 [main] DEBUG com.intuit.karate - response time in milliseconds: 298
2 < 200
2 < Content-Length: 167
2 < Content-Type: application/json; charset=utf-8
2 < Date: Fri, 19 Jun 2026 05:51:39 GMT
2 < Etag: W/"a7-vtWubffT4W+50vUt02+kAcN9STI"
2 < Nel: {"report_to":"heroku-nel","response_headers":["Via"],"max_age":3600,"success_fraction":0.01,"failure_fraction":0.1}
2 < Report-To: {"group":"heroku-nel","endpoints":[{"url":"https://nel.heroku.com/reports?s=cZz88EYnkEEWvPHtLY3vSWSwkFwJPgcV9%2F4R1zzs84U%3D\u0026sid=c46efe9b-d3d2-4a0c-8c76-bfafa16c5add\u0026ts=1781848299"}],"max_age":3600}
2 < Reporting-Endpoints: heroku-nel="https://nel.heroku.com/reports?s=cZz88EYnkEEWvPHtLY3vSWSwkFwJPgcV9%2F4R1zzs84U%3D&sid=c46efe9b-d3d2-4a0c-8c76-bfafa16c5add&ts=1781848299"
2 < Server: Heroku
2 < Via: 1.1 heroku-router
2 < X-Powered-By: Express
{"firstname":"John","lastname":"Doe","totalprice":402,"depositpaid":true,"bookingdates":{"checkin":"2026-01-01","checkout":"2026-01-04"},"additionalneeds":"Breakfast"}

00:51:39.110 [main] INFO  com.intuit.karate - [print] Response: {
  "firstname": "John",
  "lastname": "Doe",
  "totalprice": 402,
  "depositpaid": true,
  "bookingdates": {
    "checkin": "2026-01-01",
    "checkout": "2026-01-04"
  },
  "additionalneeds": "Breakfast"
}
 
]]></system-out>
  </testcase>
  <testcase name="[2:34] Validación de la Actualización de una reserva UNHP status 400 solicitud mal formada" classname="config.Runner" time="0.633">
    <system-out><![CDATA[00:51:39.117 [main] DEBUG com.intuit.karate - request:
1 > POST https://restful-booker.herokuapp.com/auth
1 > Content-Type: application/json; charset=UTF-8
1 > Content-Length: 45
1 > Host: restful-booker.herokuapp.com
1 > Connection: Keep-Alive
1 > User-Agent: Apache-HttpClient/4.5.14 (Java/21.0.11)
1 > Accept-Encoding: gzip,deflate
{"username":"admin","password":"password123"}

00:51:39.431 [main] DEBUG com.intuit.karate - response time in milliseconds: 313
1 < 200
1 < Content-Length: 27
1 < Content-Type: application/json; charset=utf-8
1 < Date: Fri, 19 Jun 2026 05:51:39 GMT
1 < Etag: W/"1b-qDmkvKEZtmnRwqEAIiWigFbdCPU"
1 < Nel: {"report_to":"heroku-nel","response_headers":["Via"],"max_age":3600,"success_fraction":0.01,"failure_fraction":0.1}
1 < Report-To: {"group":"heroku-nel","endpoints":[{"url":"https://nel.heroku.com/reports?s=cZz88EYnkEEWvPHtLY3vSWSwkFwJPgcV9%2F4R1zzs84U%3D\u0026sid=c46efe9b-d3d2-4a0c-8c76-bfafa16c5add\u0026ts=1781848299"}],"max_age":3600}
1 < Reporting-Endpoints: heroku-nel="https://nel.heroku.com/reports?s=cZz88EYnkEEWvPHtLY3vSWSwkFwJPgcV9%2F4R1zzs84U%3D&sid=c46efe9b-d3d2-4a0c-8c76-bfafa16c5add&ts=1781848299"
1 < Server: Heroku
1 < Via: 1.1 heroku-router
1 < X-Powered-By: Express
{"token":"c8872abed291c4c"}

00:51:39.433 [main] DEBUG com.intuit.karate - request:
2 > PUT https://restful-booker.herokuapp.com/booking/3
2 > Content-Type: application/json; charset=UTF-8
2 > Accept: application/json
2 > Cookie: token=c8872abed291c4c
2 > Content-Length: 147
2 > Host: restful-booker.herokuapp.com
2 > Connection: Keep-Alive
2 > User-Agent: Apache-HttpClient/4.5.14 (Java/21.0.11)
2 > Accept-Encoding: gzip,deflate
{"firstname":"John","lastname":"Doe","depositpaid":true,"bookingdates":{"checkin":"2026-01-01","checkout":"2026-01-04"},"additionalneeds":"Dinner"}

00:51:39.743 [main] DEBUG com.intuit.karate - response time in milliseconds: 309
2 < 400
2 < Content-Length: 11
2 < Content-Type: text/plain; charset=utf-8
2 < Date: Fri, 19 Jun 2026 05:51:40 GMT
2 < Etag: W/"b-EFiDB1U+dmqzx9Mo2UjcZ1SJPO8"
2 < Nel: {"report_to":"heroku-nel","response_headers":["Via"],"max_age":3600,"success_fraction":0.01,"failure_fraction":0.1}
2 < Report-To: {"group":"heroku-nel","endpoints":[{"url":"https://nel.heroku.com/reports?s=o6NpuENMRL32HTYJHp3osM%2FtduaqQeMTfM4cydwDRdA%3D\u0026sid=c46efe9b-d3d2-4a0c-8c76-bfafa16c5add\u0026ts=1781848300"}],"max_age":3600}
2 < Reporting-Endpoints: heroku-nel="https://nel.heroku.com/reports?s=o6NpuENMRL32HTYJHp3osM%2FtduaqQeMTfM4cydwDRdA%3D&sid=c46efe9b-d3d2-4a0c-8c76-bfafa16c5add&ts=1781848300"
2 < Server: Heroku
2 < Via: 1.1 heroku-router
2 < X-Powered-By: Express
Bad Request

00:51:39.744 [main] INFO  com.intuit.karate - [print] Response: Bad Request 
]]></system-out>
  </testcase>
  <testcase name="[3:58] Validación de la Actualización de una reserva UNHP status 403 Token Invalido o vencido" classname="config.Runner" time="0.615">
    <system-out><![CDATA[00:51:39.751 [main] DEBUG com.intuit.karate - request:
1 > POST https://restful-booker.herokuapp.com/auth
1 > Content-Type: application/json; charset=UTF-8
1 > Content-Length: 45
1 > Host: restful-booker.herokuapp.com
1 > Connection: Keep-Alive
1 > User-Agent: Apache-HttpClient/4.5.14 (Java/21.0.11)
1 > Accept-Encoding: gzip,deflate
{"username":"admin","password":"password123"}

00:51:40.049 [main] DEBUG com.intuit.karate - response time in milliseconds: 298
1 < 200
1 < Content-Length: 27
1 < Content-Type: application/json; charset=utf-8
1 < Date: Fri, 19 Jun 2026 05:51:40 GMT
1 < Etag: W/"1b-Gw9uh+DH3tnigCXC6r+SFRrLxZg"
1 < Nel: {"report_to":"heroku-nel","response_headers":["Via"],"max_age":3600,"success_fraction":0.01,"failure_fraction":0.1}
1 < Report-To: {"group":"heroku-nel","endpoints":[{"url":"https://nel.heroku.com/reports?s=o6NpuENMRL32HTYJHp3osM%2FtduaqQeMTfM4cydwDRdA%3D\u0026sid=c46efe9b-d3d2-4a0c-8c76-bfafa16c5add\u0026ts=1781848300"}],"max_age":3600}
1 < Reporting-Endpoints: heroku-nel="https://nel.heroku.com/reports?s=o6NpuENMRL32HTYJHp3osM%2FtduaqQeMTfM4cydwDRdA%3D&sid=c46efe9b-d3d2-4a0c-8c76-bfafa16c5add&ts=1781848300"
1 < Server: Heroku
1 < Via: 1.1 heroku-router
1 < X-Powered-By: Express
{"token":"0c477899138da31"}

00:51:40.054 [main] DEBUG com.intuit.karate - request:
2 > PUT https://restful-booker.herokuapp.com/booking/2
2 > Content-Type: application/json; charset=UTF-8
2 > Accept: application/json
2 > Cookie: token=12345
2 > Content-Length: 164
2 > Host: restful-booker.herokuapp.com
2 > Connection: Keep-Alive
2 > User-Agent: Apache-HttpClient/4.5.14 (Java/21.0.11)
2 > Accept-Encoding: gzip,deflate
{"firstname":"John","lastname":"Doe","totalprice":402,"depositpaid":true,"bookingdates":{"checkin":"2026-01-01","checkout":"2026-01-04"},"additionalneeds":"Dinner"}

00:51:40.359 [main] DEBUG com.intuit.karate - response time in milliseconds: 305
2 < 403
2 < Content-Length: 9
2 < Content-Type: text/plain; charset=utf-8
2 < Date: Fri, 19 Jun 2026 05:51:40 GMT
2 < Etag: W/"9-PatfYBLj4Um1qTm5zrukoLhNyPU"
2 < Nel: {"report_to":"heroku-nel","response_headers":["Via"],"max_age":3600,"success_fraction":0.01,"failure_fraction":0.1}
2 < Report-To: {"group":"heroku-nel","endpoints":[{"url":"https://nel.heroku.com/reports?s=o6NpuENMRL32HTYJHp3osM%2FtduaqQeMTfM4cydwDRdA%3D\u0026sid=c46efe9b-d3d2-4a0c-8c76-bfafa16c5add\u0026ts=1781848300"}],"max_age":3600}
2 < Reporting-Endpoints: heroku-nel="https://nel.heroku.com/reports?s=o6NpuENMRL32HTYJHp3osM%2FtduaqQeMTfM4cydwDRdA%3D&sid=c46efe9b-d3d2-4a0c-8c76-bfafa16c5add&ts=1781848300"
2 < Server: Heroku
2 < Via: 1.1 heroku-router
2 < X-Powered-By: Express
Forbidden

00:51:40.361 [main] INFO  com.intuit.karate - [print] Response: Forbidden 
]]></system-out>
  </testcase>
  <testcase name="[4:81] Validación de la Actualización de una reserva UNHP status 404 URL Incorrecta" classname="config.Runner" time="0.612">
    <system-out><![CDATA[00:51:40.366 [main] DEBUG com.intuit.karate - request:
1 > POST https://restful-booker.herokuapp.com/auth
1 > Content-Type: application/json; charset=UTF-8
1 > Content-Length: 45
1 > Host: restful-booker.herokuapp.com
1 > Connection: Keep-Alive
1 > User-Agent: Apache-HttpClient/4.5.14 (Java/21.0.11)
1 > Accept-Encoding: gzip,deflate
{"username":"admin","password":"password123"}

00:51:40.674 [main] DEBUG com.intuit.karate - response time in milliseconds: 307
1 < 200
1 < Content-Length: 27
1 < Content-Type: application/json; charset=utf-8
1 < Date: Fri, 19 Jun 2026 05:51:41 GMT
1 < Etag: W/"1b-HZxYPYLM1wUj/ke25MnYKLn8WVI"
1 < Nel: {"report_to":"heroku-nel","response_headers":["Via"],"max_age":3600,"success_fraction":0.01,"failure_fraction":0.1}
1 < Report-To: {"group":"heroku-nel","endpoints":[{"url":"https://nel.heroku.com/reports?s=Y1yE%2F4e1D6kgdyDk%2B1PKB8ougMPwumM0e2CQDQQHOB0%3D\u0026sid=c46efe9b-d3d2-4a0c-8c76-bfafa16c5add\u0026ts=1781848301"}],"max_age":3600}
1 < Reporting-Endpoints: heroku-nel="https://nel.heroku.com/reports?s=Y1yE%2F4e1D6kgdyDk%2B1PKB8ougMPwumM0e2CQDQQHOB0%3D&sid=c46efe9b-d3d2-4a0c-8c76-bfafa16c5add&ts=1781848301"
1 < Server: Heroku
1 < Via: 1.1 heroku-router
1 < X-Powered-By: Express
{"token":"dbba580e4b08527"}

00:51:40.677 [main] DEBUG com.intuit.karate - request:
2 > PUT https://restful-booker.herokuapp.com/book/3
2 > Content-Type: application/json; charset=UTF-8
2 > Accept: application/json
2 > Cookie: token=dbba580e4b08527
2 > Content-Length: 164
2 > Host: restful-booker.herokuapp.com
2 > Connection: Keep-Alive
2 > User-Agent: Apache-HttpClient/4.5.14 (Java/21.0.11)
2 > Accept-Encoding: gzip,deflate
{"firstname":"John","lastname":"Doe","totalprice":402,"depositpaid":true,"bookingdates":{"checkin":"2026-01-01","checkout":"2026-01-04"},"additionalneeds":"Dinner"}

00:51:40.974 [main] DEBUG com.intuit.karate - response time in milliseconds: 296
2 < 404
2 < Content-Length: 9
2 < Content-Type: text/plain; charset=utf-8
2 < Date: Fri, 19 Jun 2026 05:51:41 GMT
2 < Etag: W/"9-0gXL1ngzMqISxa6S1zx3F4wtLyg"
2 < Nel: {"report_to":"heroku-nel","response_headers":["Via"],"max_age":3600,"success_fraction":0.01,"failure_fraction":0.1}
2 < Report-To: {"group":"heroku-nel","endpoints":[{"url":"https://nel.heroku.com/reports?s=Y1yE%2F4e1D6kgdyDk%2B1PKB8ougMPwumM0e2CQDQQHOB0%3D\u0026sid=c46efe9b-d3d2-4a0c-8c76-bfafa16c5add\u0026ts=1781848301"}],"max_age":3600}
2 < Reporting-Endpoints: heroku-nel="https://nel.heroku.com/reports?s=Y1yE%2F4e1D6kgdyDk%2B1PKB8ougMPwumM0e2CQDQQHOB0%3D&sid=c46efe9b-d3d2-4a0c-8c76-bfafa16c5add&ts=1781848301"
2 < Server: Heroku
2 < Via: 1.1 heroku-router
2 < X-Powered-By: Express
Not Found

00:51:40.974 [main] INFO  com.intuit.karate - [print] Response: Not Found 
]]></system-out>
  </testcase>
  <testcase name="[5:105] Validación de la Actualización de una reserva UNHP status 405 ID Incorrecto en la URL" classname="config.Runner" time="0.897">
    <system-out><![CDATA[00:51:40.979 [main] DEBUG com.intuit.karate - request:
1 > POST https://restful-booker.herokuapp.com/auth
1 > Content-Type: application/json; charset=UTF-8
1 > Content-Length: 45
1 > Host: restful-booker.herokuapp.com
1 > Connection: Keep-Alive
1 > User-Agent: Apache-HttpClient/4.5.14 (Java/21.0.11)
1 > Accept-Encoding: gzip,deflate
{"username":"admin","password":"password123"}

00:51:41.285 [main] DEBUG com.intuit.karate - response time in milliseconds: 305
1 < 200
1 < Content-Length: 27
1 < Content-Type: application/json; charset=utf-8
1 < Date: Fri, 19 Jun 2026 05:51:41 GMT
1 < Etag: W/"1b-vb1V37T3RPz336PmIKFukYersXM"
1 < Nel: {"report_to":"heroku-nel","response_headers":["Via"],"max_age":3600,"success_fraction":0.01,"failure_fraction":0.1}
1 < Report-To: {"group":"heroku-nel","endpoints":[{"url":"https://nel.heroku.com/reports?s=Y1yE%2F4e1D6kgdyDk%2B1PKB8ougMPwumM0e2CQDQQHOB0%3D\u0026sid=c46efe9b-d3d2-4a0c-8c76-bfafa16c5add\u0026ts=1781848301"}],"max_age":3600}
1 < Reporting-Endpoints: heroku-nel="https://nel.heroku.com/reports?s=Y1yE%2F4e1D6kgdyDk%2B1PKB8ougMPwumM0e2CQDQQHOB0%3D&sid=c46efe9b-d3d2-4a0c-8c76-bfafa16c5add&ts=1781848301"
1 < Server: Heroku
1 < Via: 1.1 heroku-router
1 < X-Powered-By: Express
{"token":"cbfaf909aac1e09"}

00:51:41.288 [main] DEBUG com.intuit.karate - request:
2 > PUT https://restful-booker.herokuapp.com/booking/a
2 > Content-Type: application/json; charset=UTF-8
2 > Accept: application/json
2 > Cookie: token=cbfaf909aac1e09
2 > Content-Length: 164
2 > Host: restful-booker.herokuapp.com
2 > Connection: Keep-Alive
2 > User-Agent: Apache-HttpClient/4.5.14 (Java/21.0.11)
2 > Accept-Encoding: gzip,deflate
{"firstname":"John","lastname":"Doe","totalprice":402,"depositpaid":true,"bookingdates":{"checkin":"2026-01-01","checkout":"2026-01-04"},"additionalneeds":"Dinner"}

00:51:41.594 [main] DEBUG com.intuit.karate - response time in milliseconds: 306
2 < 405
2 < Content-Length: 18
2 < Content-Type: text/plain; charset=utf-8
2 < Date: Fri, 19 Jun 2026 05:51:42 GMT
2 < Etag: W/"12-UGJMK66P4abaBlq0vKHJaCKuGCA"
2 < Nel: {"report_to":"heroku-nel","response_headers":["Via"],"max_age":3600,"success_fraction":0.01,"failure_fraction":0.1}
2 < Report-To: {"group":"heroku-nel","endpoints":[{"url":"https://nel.heroku.com/reports?s=a6ATPsBI214Fu%2BKZkuxooQkdbyfv83j2Afsh2x37i70%3D\u0026sid=c46efe9b-d3d2-4a0c-8c76-bfafa16c5add\u0026ts=1781848302"}],"max_age":3600}
2 < Reporting-Endpoints: heroku-nel="https://nel.heroku.com/reports?s=a6ATPsBI214Fu%2BKZkuxooQkdbyfv83j2Afsh2x37i70%3D&sid=c46efe9b-d3d2-4a0c-8c76-bfafa16c5add&ts=1781848302"
2 < Server: Heroku
2 < Via: 1.1 heroku-router
2 < X-Powered-By: Express
Method Not Allowed

00:51:41.595 [main] INFO  com.intuit.karate - [print] Response: Method Not Allowed 
---------------------------------------------------------
feature: classpath:features/03 - Booking - UpdateBooking.feature
scenarios:  5 | passed:  5 | failed:  0 | time: 3.1035
---------------------------------------------------------

Karate version: 1.5.1
======================================================
elapsed:   7.66 | threads:    1 | thread time: 5.55 
features:     3 | skipped:    0 | efficiency: 0.73
scenarios:   11 | passed:    11 | failed: 0
======================================================

HTML report: (paste into browser to view) | Karate version: 1.5.1
file:///C:/Auto%20Culqui/Examen-Tecnico-API/target/karate-reports/karate-summary.html
===================================================================

]]></system-out>
  </testcase>
</testsuite>