<?xml version="1.0" encoding="UTF-8"?>
<testsuite xmlns:xsi="http://www.w3.org/2001/XMLSchema-instance" xsi:noNamespaceSchemaLocation="https://maven.apache.org/surefire/maven-surefire-plugin/xsd/surefire-test-report.xsd" version="3.0.2" name="config.Runner" time="8.07" tests="11" errors="0" skipped="0" failures="0">
  <properties>
[...]
</properties>
  <testcase name="[1:4] Creacion de un token de autenticación HP status 200 flujo correcto" classname="config.Runner" time="0.884">
    <system-out><![CDATA[00:09:20.765 [main] DEBUG com.intuit.karate - request:
1 > POST https://restful-booker.herokuapp.com/auth
1 > Content-Type: application/json; charset=UTF-8
1 > Content-Length: 45
1 > Host: restful-booker.herokuapp.com
1 > Connection: Keep-Alive
1 > User-Agent: Apache-HttpClient/4.5.14 (Java/21.0.11)
1 > Accept-Encoding: gzip,deflate
{"username":"admin","password":"password123"}

00:09:21.365 [main] DEBUG com.intuit.karate - response time in milliseconds: 596
1 < 200
1 < Content-Length: 27
1 < Content-Type: application/json; charset=utf-8
1 < Date: Fri, 19 Jun 2026 05:09:21 GMT
1 < Etag: W/"1b-ihryCicozk7oAnigCWd9o1REJEs"
1 < Nel: {"report_to":"heroku-nel","response_headers":["Via"],"max_age":3600,"success_fraction":0.01,"failure_fraction":0.1}
1 < Report-To: {"group":"heroku-nel","endpoints":[{"url":"https://nel.heroku.com/reports?s=6mK0FXOeNK4L8R%2FUAYkOIkeDKywOEmSzOWNPJO5p9zM%3D\u0026sid=c46efe9b-d3d2-4a0c-8c76-bfafa16c5add\u0026ts=1781845761"}],"max_age":3600}
1 < Reporting-Endpoints: heroku-nel="https://nel.heroku.com/reports?s=6mK0FXOeNK4L8R%2FUAYkOIkeDKywOEmSzOWNPJO5p9zM%3D&sid=c46efe9b-d3d2-4a0c-8c76-bfafa16c5add&ts=1781845761"
1 < Server: Heroku
1 < Via: 1.1 heroku-router
1 < X-Powered-By: Express
{"token":"3ac8952e3d8c634"}

00:09:21.402 [main] INFO  com.intuit.karate - [print] Response: {
  "token": "3ac8952e3d8c634"
}
 
]]></system-out>
  </testcase>
  <testcase name="[2:15] Validacion de un token de autenticación HP status 200 con credenciales incorrectas" classname="config.Runner" time="0.32">
    <system-out><![CDATA[00:09:21.419 [main] DEBUG com.intuit.karate - request:
1 > POST https://restful-booker.herokuapp.com/auth
1 > Content-Type: application/json; charset=UTF-8
1 > Content-Length: 45
1 > Host: restful-booker.herokuapp.com
1 > Connection: Keep-Alive
1 > User-Agent: Apache-HttpClient/4.5.14 (Java/21.0.11)
1 > Accept-Encoding: gzip,deflate
{"username":"adm1n","password":"password321"}

00:09:21.727 [main] DEBUG com.intuit.karate - response time in milliseconds: 308
1 < 200
1 < Content-Length: 28
1 < Content-Type: application/json; charset=utf-8
1 < Date: Fri, 19 Jun 2026 05:09:22 GMT
1 < Etag: W/"1c-J3EiwfZwVQjKTKvpvazUfTni8fI"
1 < Nel: {"report_to":"heroku-nel","response_headers":["Via"],"max_age":3600,"success_fraction":0.01,"failure_fraction":0.1}
1 < Report-To: {"group":"heroku-nel","endpoints":[{"url":"https://nel.heroku.com/reports?s=s%2FzMd3it6hTLJJyEvpPVuV%2FPidEXPY0huk0BGYMNSU0%3D\u0026sid=c46efe9b-d3d2-4a0c-8c76-bfafa16c5add\u0026ts=1781845762"}],"max_age":3600}
1 < Reporting-Endpoints: heroku-nel="https://nel.heroku.com/reports?s=s%2FzMd3it6hTLJJyEvpPVuV%2FPidEXPY0huk0BGYMNSU0%3D&sid=c46efe9b-d3d2-4a0c-8c76-bfafa16c5add&ts=1781845762"
1 < Server: Heroku
1 < Via: 1.1 heroku-router
1 < X-Powered-By: Express
{"reason":"Bad credentials"}

00:09:21.730 [main] INFO  com.intuit.karate - [print] Response: {
  "reason": "Bad credentials"
}
 
]]></system-out>
  </testcase>
  <testcase name="[3:25] Validacion de un token de autenticación UNHP status 404 URL Incorrecto" classname="config.Runner" time="0.785">
    <system-out><![CDATA[00:09:21.739 [main] DEBUG com.intuit.karate - request:
1 > POST https://restful-booker.herokuapp.com/au
1 > Content-Type: application/json; charset=UTF-8
1 > Content-Length: 45
1 > Host: restful-booker.herokuapp.com
1 > Connection: Keep-Alive
1 > User-Agent: Apache-HttpClient/4.5.14 (Java/21.0.11)
1 > Accept-Encoding: gzip,deflate
{"username":"admin","password":"password123"}

00:09:22.035 [main] DEBUG com.intuit.karate - response time in milliseconds: 295
1 < 404
1 < Content-Length: 9
1 < Content-Type: text/plain; charset=utf-8
1 < Date: Fri, 19 Jun 2026 05:09:22 GMT
1 < Etag: W/"9-0gXL1ngzMqISxa6S1zx3F4wtLyg"
1 < Nel: {"report_to":"heroku-nel","response_headers":["Via"],"max_age":3600,"success_fraction":0.01,"failure_fraction":0.1}
1 < Report-To: {"group":"heroku-nel","endpoints":[{"url":"https://nel.heroku.com/reports?s=s%2FzMd3it6hTLJJyEvpPVuV%2FPidEXPY0huk0BGYMNSU0%3D\u0026sid=c46efe9b-d3d2-4a0c-8c76-bfafa16c5add\u0026ts=1781845762"}],"max_age":3600}
1 < Reporting-Endpoints: heroku-nel="https://nel.heroku.com/reports?s=s%2FzMd3it6hTLJJyEvpPVuV%2FPidEXPY0huk0BGYMNSU0%3D&sid=c46efe9b-d3d2-4a0c-8c76-bfafa16c5add&ts=1781845762"
1 < Server: Heroku
1 < Via: 1.1 heroku-router
1 < X-Powered-By: Express
Not Found

00:09:22.039 [main] INFO  com.intuit.karate - [print] Response: Not Found 
---------------------------------------------------------
feature: classpath:features/01 - Auth – CreateToken.feature
scenarios:  3 | passed:  3 | failed:  0 | time: 1.4650
---------------------------------------------------------

]]></system-out>
  </testcase>
  <testcase name="[1:4] Obtener informacion de una reserva HP status 200 flujo correcto" classname="config.Runner" time="0.329">
    <system-out><![CDATA[00:09:22.532 [main] DEBUG com.intuit.karate - request:
1 > GET https://restful-booker.herokuapp.com/booking/7
1 > Accept: application/json
1 > Host: restful-booker.herokuapp.com
1 > Connection: Keep-Alive
1 > User-Agent: Apache-HttpClient/4.5.14 (Java/21.0.11)
1 > Accept-Encoding: gzip,deflate


00:09:22.840 [main] DEBUG com.intuit.karate - response time in milliseconds: 308
1 < 200
1 < Content-Length: 171
1 < Content-Type: application/json; charset=utf-8
1 < Date: Fri, 19 Jun 2026 05:09:23 GMT
1 < Etag: W/"ab-4YqalkxsONxVno59ZfpVM5P4MxY"
1 < Nel: {"report_to":"heroku-nel","response_headers":["Via"],"max_age":3600,"success_fraction":0.01,"failure_fraction":0.1}
1 < Report-To: {"group":"heroku-nel","endpoints":[{"url":"https://nel.heroku.com/reports?s=EGxzS803FJKOyS3y%2BLbUrr%2BPWMDjftkPrKsb6STV880%3D\u0026sid=c46efe9b-d3d2-4a0c-8c76-bfafa16c5add\u0026ts=1781845763"}],"max_age":3600}
1 < Reporting-Endpoints: heroku-nel="https://nel.heroku.com/reports?s=EGxzS803FJKOyS3y%2BLbUrr%2BPWMDjftkPrKsb6STV880%3D&sid=c46efe9b-d3d2-4a0c-8c76-bfafa16c5add&ts=1781845763"
1 < Server: Heroku
1 < Via: 1.1 heroku-router
1 < X-Powered-By: Express
{"firstname":"Eric","lastname":"Wilson","totalprice":442,"depositpaid":false,"bookingdates":{"checkin":"2018-11-05","checkout":"2022-09-30"},"additionalneeds":"Breakfast"}

00:09:22.847 [main] INFO  com.intuit.karate - [print] Response: {
  "firstname": "Eric",
  "lastname": "Wilson",
  "totalprice": 442,
  "depositpaid": false,
  "bookingdates": {
    "checkin": "2018-11-05",
    "checkout": "2022-09-30"
  },
  "additionalneeds": "Breakfast"
}
 
]]></system-out>
  </testcase>
  <testcase name="[2:21] Validacion de informacion de una reserva UNHP status 404 Url Incorrecta" classname="config.Runner" time="0.337">
    <system-out><![CDATA[00:09:22.855 [main] DEBUG com.intuit.karate - request:
1 > GET https://restful-booker.herokuapp.com/book/8
1 > Accept: application/json
1 > Host: restful-booker.herokuapp.com
1 > Connection: Keep-Alive
1 > User-Agent: Apache-HttpClient/4.5.14 (Java/21.0.11)
1 > Accept-Encoding: gzip,deflate


00:09:23.183 [main] DEBUG com.intuit.karate - response time in milliseconds: 327
1 < 404
1 < Content-Length: 9
1 < Content-Type: text/plain; charset=utf-8
1 < Date: Fri, 19 Jun 2026 05:09:23 GMT
1 < Etag: W/"9-0gXL1ngzMqISxa6S1zx3F4wtLyg"
1 < Nel: {"report_to":"heroku-nel","response_headers":["Via"],"max_age":3600,"success_fraction":0.01,"failure_fraction":0.1}
1 < Report-To: {"group":"heroku-nel","endpoints":[{"url":"https://nel.heroku.com/reports?s=EGxzS803FJKOyS3y%2BLbUrr%2BPWMDjftkPrKsb6STV880%3D\u0026sid=c46efe9b-d3d2-4a0c-8c76-bfafa16c5add\u0026ts=1781845763"}],"max_age":3600}
1 < Reporting-Endpoints: heroku-nel="https://nel.heroku.com/reports?s=EGxzS803FJKOyS3y%2BLbUrr%2BPWMDjftkPrKsb6STV880%3D&sid=c46efe9b-d3d2-4a0c-8c76-bfafa16c5add&ts=1781845763"
1 < Server: Heroku
1 < Via: 1.1 heroku-router
1 < X-Powered-By: Express
Not Found

00:09:23.185 [main] INFO  com.intuit.karate - [print] Response: Not Found 
]]></system-out>
  </testcase>
  <testcase name="[3:33] Validacion de informacion de una reserva UNHP status 418 - I&apos;m a Teapot" classname="config.Runner" time="0.402">
    <system-out><![CDATA[00:09:23.192 [main] DEBUG com.intuit.karate - request:
1 > GET https://restful-booker.herokuapp.com/booking/9
1 > Host: restful-booker.herokuapp.com
1 > Connection: Keep-Alive
1 > User-Agent: Apache-HttpClient/4.5.14 (Java/21.0.11)
1 > Accept-Encoding: gzip,deflate


00:09:23.500 [main] DEBUG com.intuit.karate - response time in milliseconds: 307
1 < 418
1 < Content-Length: 12
1 < Content-Type: text/plain; charset=utf-8
1 < Date: Fri, 19 Jun 2026 05:09:23 GMT
1 < Etag: W/"c-2UDTmC4hdG5PUA+z8oDkrgejuV8"
1 < Nel: {"report_to":"heroku-nel","response_headers":["Via"],"max_age":3600,"success_fraction":0.01,"failure_fraction":0.1}
1 < Report-To: {"group":"heroku-nel","endpoints":[{"url":"https://nel.heroku.com/reports?s=EGxzS803FJKOyS3y%2BLbUrr%2BPWMDjftkPrKsb6STV880%3D\u0026sid=c46efe9b-d3d2-4a0c-8c76-bfafa16c5add\u0026ts=1781845763"}],"max_age":3600}
1 < Reporting-Endpoints: heroku-nel="https://nel.heroku.com/reports?s=EGxzS803FJKOyS3y%2BLbUrr%2BPWMDjftkPrKsb6STV880%3D&sid=c46efe9b-d3d2-4a0c-8c76-bfafa16c5add&ts=1781845763"
1 < Server: Heroku
1 < Via: 1.1 heroku-router
1 < X-Powered-By: Express
I'm a Teapot

00:09:23.502 [main] INFO  com.intuit.karate - [print] Response: I'm a Teapot 
---------------------------------------------------------
feature: classpath:features/02 - Booking - GetBooking.feature
scenarios:  3 | passed:  3 | failed:  0 | time: 0.9678
---------------------------------------------------------

]]></system-out>
  </testcase>
  <testcase name="[1:4] Actualización de una reserva HP status 200 flujo correcto" classname="config.Runner" time="0.636">
    <system-out><![CDATA[00:09:23.594 [main] DEBUG com.intuit.karate - request:
1 > POST https://restful-booker.herokuapp.com/auth
1 > Content-Type: application/json; charset=UTF-8
1 > Content-Length: 45
1 > Host: restful-booker.herokuapp.com
1 > Connection: Keep-Alive
1 > User-Agent: Apache-HttpClient/4.5.14 (Java/21.0.11)
1 > Accept-Encoding: gzip,deflate
{"username":"admin","password":"password123"}

00:09:23.902 [main] DEBUG com.intuit.karate - response time in milliseconds: 308
1 < 200
1 < Content-Length: 27
1 < Content-Type: application/json; charset=utf-8
1 < Date: Fri, 19 Jun 2026 05:09:24 GMT
1 < Etag: W/"1b-wgkn6VYH5lSYSoZXEZRNb0s0vlY"
1 < Nel: {"report_to":"heroku-nel","response_headers":["Via"],"max_age":3600,"success_fraction":0.01,"failure_fraction":0.1}
1 < Report-To: {"group":"heroku-nel","endpoints":[{"url":"https://nel.heroku.com/reports?s=GSGuXWY1Zb%2FSoJuZ49LtfOlNOk5m1CtYqpp4q5fwbkI%3D\u0026sid=c46efe9b-d3d2-4a0c-8c76-bfafa16c5add\u0026ts=1781845764"}],"max_age":3600}
1 < Reporting-Endpoints: heroku-nel="https://nel.heroku.com/reports?s=GSGuXWY1Zb%2FSoJuZ49LtfOlNOk5m1CtYqpp4q5fwbkI%3D&sid=c46efe9b-d3d2-4a0c-8c76-bfafa16c5add&ts=1781845764"
1 < Server: Heroku
1 < Via: 1.1 heroku-router
1 < X-Powered-By: Express
{"token":"617fcddb37a6105"}

00:09:23.907 [main] DEBUG com.intuit.karate - request:
2 > PUT https://restful-booker.herokuapp.com/booking/3
2 > Content-Type: application/json; charset=UTF-8
2 > Accept: application/json
2 > Cookie: token=617fcddb37a6105
2 > Content-Length: 167
2 > Host: restful-booker.herokuapp.com
2 > Connection: Keep-Alive
2 > User-Agent: Apache-HttpClient/4.5.14 (Java/21.0.11)
2 > Accept-Encoding: gzip,deflate
{"firstname":"John","lastname":"Doe","totalprice":402,"depositpaid":true,"bookingdates":{"checkin":"2026-01-01","checkout":"2026-01-04"},"additionalneeds":"Breakfast"}

00:09:24.215 [main] DEBUG com.intuit.karate - response time in milliseconds: 307
2 < 200
2 < Content-Length: 167
2 < Content-Type: application/json; charset=utf-8
2 < Date: Fri, 19 Jun 2026 05:09:24 GMT
2 < Etag: W/"a7-vtWubffT4W+50vUt02+kAcN9STI"
2 < Nel: {"report_to":"heroku-nel","response_headers":["Via"],"max_age":3600,"success_fraction":0.01,"failure_fraction":0.1}
2 < Report-To: {"group":"heroku-nel","endpoints":[{"url":"https://nel.heroku.com/reports?s=GSGuXWY1Zb%2FSoJuZ49LtfOlNOk5m1CtYqpp4q5fwbkI%3D\u0026sid=c46efe9b-d3d2-4a0c-8c76-bfafa16c5add\u0026ts=1781845764"}],"max_age":3600}
2 < Reporting-Endpoints: heroku-nel="https://nel.heroku.com/reports?s=GSGuXWY1Zb%2FSoJuZ49LtfOlNOk5m1CtYqpp4q5fwbkI%3D&sid=c46efe9b-d3d2-4a0c-8c76-bfafa16c5add&ts=1781845764"
2 < Server: Heroku
2 < Via: 1.1 heroku-router
2 < X-Powered-By: Express
{"firstname":"John","lastname":"Doe","totalprice":402,"depositpaid":true,"bookingdates":{"checkin":"2026-01-01","checkout":"2026-01-04"},"additionalneeds":"Breakfast"}

00:09:24.225 [main] INFO  com.intuit.karate - [print] Response: {
  "firstname": "John",
  "lastname": "Doe",
  "totalprice": 402,
  "depositpaid": true,
  "bookingdates": {
    "checkin": "2026-01-01",
    "checkout": "2026-01-04"
  },
  "additionalneeds": "Breakfast"
}
 
]]></system-out>
  </testcase>
  <testcase name="[2:34] Validación de la Actualización de una reserva UNHP status 400 solicitud mal formada" classname="config.Runner" time="0.641">
    <system-out><![CDATA[00:09:24.232 [main] DEBUG com.intuit.karate - request:
1 > POST https://restful-booker.herokuapp.com/auth
1 > Content-Type: application/json; charset=UTF-8
1 > Content-Length: 45
1 > Host: restful-booker.herokuapp.com
1 > Connection: Keep-Alive
1 > User-Agent: Apache-HttpClient/4.5.14 (Java/21.0.11)
1 > Accept-Encoding: gzip,deflate
{"username":"admin","password":"password123"}

00:09:24.537 [main] DEBUG com.intuit.karate - response time in milliseconds: 305
1 < 200
1 < Content-Length: 27
1 < Content-Type: application/json; charset=utf-8
1 < Date: Fri, 19 Jun 2026 05:09:24 GMT
1 < Etag: W/"1b-nJiKwweFUKS8f58Nox8gcNRV7T0"
1 < Nel: {"report_to":"heroku-nel","response_headers":["Via"],"max_age":3600,"success_fraction":0.01,"failure_fraction":0.1}
1 < Report-To: {"group":"heroku-nel","endpoints":[{"url":"https://nel.heroku.com/reports?s=GSGuXWY1Zb%2FSoJuZ49LtfOlNOk5m1CtYqpp4q5fwbkI%3D\u0026sid=c46efe9b-d3d2-4a0c-8c76-bfafa16c5add\u0026ts=1781845764"}],"max_age":3600}
1 < Reporting-Endpoints: heroku-nel="https://nel.heroku.com/reports?s=GSGuXWY1Zb%2FSoJuZ49LtfOlNOk5m1CtYqpp4q5fwbkI%3D&sid=c46efe9b-d3d2-4a0c-8c76-bfafa16c5add&ts=1781845764"
1 < Server: Heroku
1 < Via: 1.1 heroku-router
1 < X-Powered-By: Express
{"token":"d277d414a1d588f"}

00:09:24.541 [main] DEBUG com.intuit.karate - request:
2 > PUT https://restful-booker.herokuapp.com/booking/3
2 > Content-Type: application/json; charset=UTF-8
2 > Accept: application/json
2 > Cookie: token=d277d414a1d588f
2 > Content-Length: 147
2 > Host: restful-booker.herokuapp.com
2 > Connection: Keep-Alive
2 > User-Agent: Apache-HttpClient/4.5.14 (Java/21.0.11)
2 > Accept-Encoding: gzip,deflate
{"firstname":"John","lastname":"Doe","depositpaid":true,"bookingdates":{"checkin":"2026-01-01","checkout":"2026-01-04"},"additionalneeds":"Dinner"}

00:09:24.868 [main] DEBUG com.intuit.karate - response time in milliseconds: 326
2 < 400
2 < Content-Length: 11
2 < Content-Type: text/plain; charset=utf-8
2 < Date: Fri, 19 Jun 2026 05:09:25 GMT
2 < Etag: W/"b-EFiDB1U+dmqzx9Mo2UjcZ1SJPO8"
2 < Nel: {"report_to":"heroku-nel","response_headers":["Via"],"max_age":3600,"success_fraction":0.01,"failure_fraction":0.1}
2 < Report-To: {"group":"heroku-nel","endpoints":[{"url":"https://nel.heroku.com/reports?s=Pi3xziNmWVBGjJqyVLaNlX9Yf4EFvMlu%2BBKNq%2BL5xVg%3D\u0026sid=c46efe9b-d3d2-4a0c-8c76-bfafa16c5add\u0026ts=1781845765"}],"max_age":3600}
2 < Reporting-Endpoints: heroku-nel="https://nel.heroku.com/reports?s=Pi3xziNmWVBGjJqyVLaNlX9Yf4EFvMlu%2BBKNq%2BL5xVg%3D&sid=c46efe9b-d3d2-4a0c-8c76-bfafa16c5add&ts=1781845765"
2 < Server: Heroku
2 < Via: 1.1 heroku-router
2 < X-Powered-By: Express
Bad Request

00:09:24.869 [main] INFO  com.intuit.karate - [print] Response: Bad Request 
]]></system-out>
  </testcase>
  <testcase name="[3:58] Validación de la Actualización de una reserva UNHP status 403 Token Invalido o vencido" classname="config.Runner" time="0.612">
    <system-out><![CDATA[00:09:24.874 [main] DEBUG com.intuit.karate - request:
1 > POST https://restful-booker.herokuapp.com/auth
1 > Content-Type: application/json; charset=UTF-8
1 > Content-Length: 45
1 > Host: restful-booker.herokuapp.com
1 > Connection: Keep-Alive
1 > User-Agent: Apache-HttpClient/4.5.14 (Java/21.0.11)
1 > Accept-Encoding: gzip,deflate
{"username":"admin","password":"password123"}

00:09:25.181 [main] DEBUG com.intuit.karate - response time in milliseconds: 306
1 < 200
1 < Content-Length: 27
1 < Content-Type: application/json; charset=utf-8
1 < Date: Fri, 19 Jun 2026 05:09:25 GMT
1 < Etag: W/"1b-9wQPewPDRJkFo3Pms4FbFLVEP9s"
1 < Nel: {"report_to":"heroku-nel","response_headers":["Via"],"max_age":3600,"success_fraction":0.01,"failure_fraction":0.1}
1 < Report-To: {"group":"heroku-nel","endpoints":[{"url":"https://nel.heroku.com/reports?s=Pi3xziNmWVBGjJqyVLaNlX9Yf4EFvMlu%2BBKNq%2BL5xVg%3D\u0026sid=c46efe9b-d3d2-4a0c-8c76-bfafa16c5add\u0026ts=1781845765"}],"max_age":3600}
1 < Reporting-Endpoints: heroku-nel="https://nel.heroku.com/reports?s=Pi3xziNmWVBGjJqyVLaNlX9Yf4EFvMlu%2BBKNq%2BL5xVg%3D&sid=c46efe9b-d3d2-4a0c-8c76-bfafa16c5add&ts=1781845765"
1 < Server: Heroku
1 < Via: 1.1 heroku-router
1 < X-Powered-By: Express
{"token":"88b6233c2608a46"}

00:09:25.184 [main] DEBUG com.intuit.karate - request:
2 > PUT https://restful-booker.herokuapp.com/booking/2
2 > Content-Type: application/json; charset=UTF-8
2 > Accept: application/json
2 > Cookie: token=12345
2 > Content-Length: 164
2 > Host: restful-booker.herokuapp.com
2 > Connection: Keep-Alive
2 > User-Agent: Apache-HttpClient/4.5.14 (Java/21.0.11)
2 > Accept-Encoding: gzip,deflate
{"firstname":"John","lastname":"Doe","totalprice":402,"depositpaid":true,"bookingdates":{"checkin":"2026-01-01","checkout":"2026-01-04"},"additionalneeds":"Dinner"}

00:09:25.481 [main] DEBUG com.intuit.karate - response time in milliseconds: 296
2 < 403
2 < Content-Length: 9
2 < Content-Type: text/plain; charset=utf-8
2 < Date: Fri, 19 Jun 2026 05:09:25 GMT
2 < Etag: W/"9-PatfYBLj4Um1qTm5zrukoLhNyPU"
2 < Nel: {"report_to":"heroku-nel","response_headers":["Via"],"max_age":3600,"success_fraction":0.01,"failure_fraction":0.1}
2 < Report-To: {"group":"heroku-nel","endpoints":[{"url":"https://nel.heroku.com/reports?s=Pi3xziNmWVBGjJqyVLaNlX9Yf4EFvMlu%2BBKNq%2BL5xVg%3D\u0026sid=c46efe9b-d3d2-4a0c-8c76-bfafa16c5add\u0026ts=1781845765"}],"max_age":3600}
2 < Reporting-Endpoints: heroku-nel="https://nel.heroku.com/reports?s=Pi3xziNmWVBGjJqyVLaNlX9Yf4EFvMlu%2BBKNq%2BL5xVg%3D&sid=c46efe9b-d3d2-4a0c-8c76-bfafa16c5add&ts=1781845765"
2 < Server: Heroku
2 < Via: 1.1 heroku-router
2 < X-Powered-By: Express
Forbidden

00:09:25.482 [main] INFO  com.intuit.karate - [print] Response: Forbidden 
]]></system-out>
  </testcase>
  <testcase name="[4:81] Validación de la Actualización de una reserva UNHP status 404 URL Incorrecta" classname="config.Runner" time="0.611">
    <system-out><![CDATA[00:09:25.487 [main] DEBUG com.intuit.karate - request:
1 > POST https://restful-booker.herokuapp.com/auth
1 > Content-Type: application/json; charset=UTF-8
1 > Content-Length: 45
1 > Host: restful-booker.herokuapp.com
1 > Connection: Keep-Alive
1 > User-Agent: Apache-HttpClient/4.5.14 (Java/21.0.11)
1 > Accept-Encoding: gzip,deflate
{"username":"admin","password":"password123"}

00:09:25.784 [main] DEBUG com.intuit.karate - response time in milliseconds: 296
1 < 200
1 < Content-Length: 27
1 < Content-Type: application/json; charset=utf-8
1 < Date: Fri, 19 Jun 2026 05:09:26 GMT
1 < Etag: W/"1b-wAh4U5MeWRoOjPDqr9u+pJNhcU0"
1 < Nel: {"report_to":"heroku-nel","response_headers":["Via"],"max_age":3600,"success_fraction":0.01,"failure_fraction":0.1}
1 < Report-To: {"group":"heroku-nel","endpoints":[{"url":"https://nel.heroku.com/reports?s=XTsANOdpbWJzZ%2B6n33pXyEyb%2BOHJvQDXou0%2BtBzjwps%3D\u0026sid=c46efe9b-d3d2-4a0c-8c76-bfafa16c5add\u0026ts=1781845766"}],"max_age":3600}
1 < Reporting-Endpoints: heroku-nel="https://nel.heroku.com/reports?s=XTsANOdpbWJzZ%2B6n33pXyEyb%2BOHJvQDXou0%2BtBzjwps%3D&sid=c46efe9b-d3d2-4a0c-8c76-bfafa16c5add&ts=1781845766"
1 < Server: Heroku
1 < Via: 1.1 heroku-router
1 < X-Powered-By: Express
{"token":"11db7ae0d9bad04"}

00:09:25.787 [main] DEBUG com.intuit.karate - request:
2 > PUT https://restful-booker.herokuapp.com/book/3
2 > Content-Type: application/json; charset=UTF-8
2 > Accept: application/json
2 > Cookie: token=11db7ae0d9bad04
2 > Content-Length: 164
2 > Host: restful-booker.herokuapp.com
2 > Connection: Keep-Alive
2 > User-Agent: Apache-HttpClient/4.5.14 (Java/21.0.11)
2 > Accept-Encoding: gzip,deflate
{"firstname":"John","lastname":"Doe","totalprice":402,"depositpaid":true,"bookingdates":{"checkin":"2026-01-01","checkout":"2026-01-04"},"additionalneeds":"Dinner"}

00:09:26.093 [main] DEBUG com.intuit.karate - response time in milliseconds: 305
2 < 404
2 < Content-Length: 9
2 < Content-Type: text/plain; charset=utf-8
2 < Date: Fri, 19 Jun 2026 05:09:26 GMT
2 < Etag: W/"9-0gXL1ngzMqISxa6S1zx3F4wtLyg"
2 < Nel: {"report_to":"heroku-nel","response_headers":["Via"],"max_age":3600,"success_fraction":0.01,"failure_fraction":0.1}
2 < Report-To: {"group":"heroku-nel","endpoints":[{"url":"https://nel.heroku.com/reports?s=XTsANOdpbWJzZ%2B6n33pXyEyb%2BOHJvQDXou0%2BtBzjwps%3D\u0026sid=c46efe9b-d3d2-4a0c-8c76-bfafa16c5add\u0026ts=1781845766"}],"max_age":3600}
2 < Reporting-Endpoints: heroku-nel="https://nel.heroku.com/reports?s=XTsANOdpbWJzZ%2B6n33pXyEyb%2BOHJvQDXou0%2BtBzjwps%3D&sid=c46efe9b-d3d2-4a0c-8c76-bfafa16c5add&ts=1781845766"
2 < Server: Heroku
2 < Via: 1.1 heroku-router
2 < X-Powered-By: Express
Not Found

00:09:26.094 [main] INFO  com.intuit.karate - [print] Response: Not Found 
]]></system-out>
  </testcase>
  <testcase name="[5:105] Validación de la Actualización de una reserva UNHP status 405 ID Incorrecto en la URL" classname="config.Runner" time="0.853">
    <system-out><![CDATA[00:09:26.100 [main] DEBUG com.intuit.karate - request:
1 > POST https://restful-booker.herokuapp.com/auth
1 > Content-Type: application/json; charset=UTF-8
1 > Content-Length: 45
1 > Host: restful-booker.herokuapp.com
1 > Connection: Keep-Alive
1 > User-Agent: Apache-HttpClient/4.5.14 (Java/21.0.11)
1 > Accept-Encoding: gzip,deflate
{"username":"admin","password":"password123"}

00:09:26.396 [main] DEBUG com.intuit.karate - response time in milliseconds: 295
1 < 200
1 < Content-Length: 27
1 < Content-Type: application/json; charset=utf-8
1 < Date: Fri, 19 Jun 2026 05:09:26 GMT
1 < Etag: W/"1b-m3rGBzfZSyBYUWCulzLO5gATbss"
1 < Nel: {"report_to":"heroku-nel","response_headers":["Via"],"max_age":3600,"success_fraction":0.01,"failure_fraction":0.1}
1 < Report-To: {"group":"heroku-nel","endpoints":[{"url":"https://nel.heroku.com/reports?s=XTsANOdpbWJzZ%2B6n33pXyEyb%2BOHJvQDXou0%2BtBzjwps%3D\u0026sid=c46efe9b-d3d2-4a0c-8c76-bfafa16c5add\u0026ts=1781845766"}],"max_age":3600}
1 < Reporting-Endpoints: heroku-nel="https://nel.heroku.com/reports?s=XTsANOdpbWJzZ%2B6n33pXyEyb%2BOHJvQDXou0%2BtBzjwps%3D&sid=c46efe9b-d3d2-4a0c-8c76-bfafa16c5add&ts=1781845766"
1 < Server: Heroku
1 < Via: 1.1 heroku-router
1 < X-Powered-By: Express
{"token":"309917b143d1e3f"}

00:09:26.399 [main] DEBUG com.intuit.karate - request:
2 > PUT https://restful-booker.herokuapp.com/booking/a
2 > Content-Type: application/json; charset=UTF-8
2 > Accept: application/json
2 > Cookie: token=309917b143d1e3f
2 > Content-Length: 164
2 > Host: restful-booker.herokuapp.com
2 > Connection: Keep-Alive
2 > User-Agent: Apache-HttpClient/4.5.14 (Java/21.0.11)
2 > Accept-Encoding: gzip,deflate
{"firstname":"John","lastname":"Doe","totalprice":402,"depositpaid":true,"bookingdates":{"checkin":"2026-01-01","checkout":"2026-01-04"},"additionalneeds":"Dinner"}

00:09:26.694 [main] DEBUG com.intuit.karate - response time in milliseconds: 295
2 < 405
2 < Content-Length: 18
2 < Content-Type: text/plain; charset=utf-8
2 < Date: Fri, 19 Jun 2026 05:09:27 GMT
2 < Etag: W/"12-UGJMK66P4abaBlq0vKHJaCKuGCA"
2 < Nel: {"report_to":"heroku-nel","response_headers":["Via"],"max_age":3600,"success_fraction":0.01,"failure_fraction":0.1}
2 < Report-To: {"group":"heroku-nel","endpoints":[{"url":"https://nel.heroku.com/reports?s=290DXA03GLrefgrBIx3Kv2Iqf8R92TWSO8%2FM0eJWPQA%3D\u0026sid=c46efe9b-d3d2-4a0c-8c76-bfafa16c5add\u0026ts=1781845767"}],"max_age":3600}
2 < Reporting-Endpoints: heroku-nel="https://nel.heroku.com/reports?s=290DXA03GLrefgrBIx3Kv2Iqf8R92TWSO8%2FM0eJWPQA%3D&sid=c46efe9b-d3d2-4a0c-8c76-bfafa16c5add&ts=1781845767"
2 < Server: Heroku
2 < Via: 1.1 heroku-router
2 < X-Powered-By: Express
Method Not Allowed

00:09:26.695 [main] INFO  com.intuit.karate - [print] Response: Method Not Allowed 
---------------------------------------------------------
feature: classpath:features/03 - Booking - UpdateBooking.feature
scenarios:  5 | passed:  5 | failed:  0 | time: 3.0813
---------------------------------------------------------

Karate version: 1.5.1
======================================================
elapsed:   7.67 | threads:    1 | thread time: 5.51 
features:     3 | skipped:    0 | efficiency: 0.72
scenarios:   11 | passed:    11 | failed: 0
======================================================

HTML report: (paste into browser to view) | Karate version: 1.5.1
file:///C:/Auto%20Culqui/Examen-Tecnico-API/target/karate-reports/karate-summary.html
===================================================================

]]></system-out>
  </testcase>
</testsuite>